# JRE version: Java(TM) SE Runtime Environment (8.0_101-b13) (build 1.8.0_101-b13)
# Java VM: Java HotSpot(TM) 64-Bit Server VM (25.101-b13 mixed mode windows-amd64 compressed oops)
Heap:
 PSYoungGen      total 108544K, used 23213K [0x00000000e0000000, 0x00000000e7e80000, 0x0000000100000000)
  eden space 95744K, 24% used [0x00000000e0000000,0x00000000e16ab600,0x00000000e5d80000)
  from space 12800K, 0% used [0x00000000e6a80000,0x00000000e6a80000,0x00000000e7700000)
  to   space 13312K, 0% used [0x00000000e5d80000,0x00000000e5d80000,0x00000000e6a80000)
 ParOldGen       total 183296K, used 17439K [0x00000000a0000000, 0x00000000ab300000, 0x00000000e0000000)
  object space 183296K, 9% used [0x00000000a0000000,0x00000000a1107c18,0x00000000ab300000)
 Metaspace       used 35113K, capacity 36144K, committed 36224K, reserved 1081344K
  class space    used 4961K, capacity 5204K, committed 5248K, reserved 1048576K
GC Heap History (10 events):
Event: 7.332 GC heap before
{Heap before GC invocations=4 (full 1):
 PSYoungGen      total 76288K, used 10739K [0x00000000e0000000, 0x00000000e5500000, 0x0000000100000000)
  eden space 65536K, 0% used [0x00000000e0000000,0x00000000e0000000,0x00000000e4000000)
  from space 10752K, 99% used [0x00000000e4000000,0x00000000e4a7cf28,0x00000000e4a80000)
  to   space 10752K, 0% used [0x00000000e4a80000,0x00000000e4a80000,0x00000000e5500000)
 ParOldGen       total 175104K, used 1252K [0x00000000a0000000, 0x00000000aab00000, 0x00000000e0000000)
  object space 175104K, 0% used [0x00000000a0000000,0x00000000a0139048,0x00000000aab00000)
 Metaspace       used 20630K, capacity 21110K, committed 21248K, reserved 1067008K
  class space    used 3034K, capacity 3252K, committed 3328K, reserved 1048576K
Event: 7.407 GC heap after
Heap after GC invocations=4 (full 1):
 PSYoungGen      total 76288K, used 0K [0x00000000e0000000, 0x00000000e5500000, 0x0000000100000000)
  eden space 65536K, 0% used [0x00000000e0000000,0x00000000e0000000,0x00000000e4000000)
  from space 10752K, 0% used [0x00000000e4000000,0x00000000e4000000,0x00000000e4a80000)
  to   space 10752K, 0% used [0x00000000e4a80000,0x00000000e4a80000,0x00000000e5500000)
 ParOldGen       total 112640K, used 11632K [0x00000000a0000000, 0x00000000a6e00000, 0x00000000e0000000)
  object space 112640K, 10% used [0x00000000a0000000,0x00000000a0b5c018,0x00000000a6e00000)
 Metaspace       used 20630K, capacity 21110K, committed 21248K, reserved 1067008K
  class space    used 3034K, capacity 3252K, committed 3328K, reserved 1048576K
}
Event: 8.820 GC heap before
{Heap before GC invocations=5 (full 1):
 PSYoungGen      total 76288K, used 65536K [0x00000000e0000000, 0x00000000e5500000, 0x0000000100000000)
  eden space 65536K, 100% used [0x00000000e0000000,0x00000000e4000000,0x00000000e4000000)
  from space 10752K, 0% used [0x00000000e4000000,0x00000000e4000000,0x00000000e4a80000)
  to   space 10752K, 0% used [0x00000000e4a80000,0x00000000e4a80000,0x00000000e5500000)
 ParOldGen       total 112640K, used 11632K [0x00000000a0000000, 0x00000000a6e00000, 0x00000000e0000000)
  object space 112640K, 10% used [0x00000000a0000000,0x00000000a0b5c018,0x00000000a6e00000)
 Metaspace       used 28221K, capacity 28760K, committed 29056K, reserved 1075200K
  class space    used 3969K, capacity 4157K, committed 4224K, reserved 1048576K
Event: 8.826 GC heap after
Heap after GC invocations=5 (full 1):
 PSYoungGen      total 76288K, used 7705K [0x00000000e0000000, 0x00000000e7200000, 0x0000000100000000)
  eden space 65536K, 0% used [0x00000000e0000000,0x00000000e0000000,0x00000000e4000000)
  from space 10752K, 71% used [0x00000000e4a80000,0x00000000e52065b8,0x00000000e5500000)
  to   space 10752K, 0% used [0x00000000e4000000,0x00000000e4000000,0x00000000e4a80000)
 ParOldGen       total 112640K, used 11640K [0x00000000a0000000, 0x00000000a6e00000, 0x00000000e0000000)
  object space 112640K, 10% used [0x00000000a0000000,0x00000000a0b5e018,0x00000000a6e00000)
 Metaspace       used 28221K, capacity 28760K, committed 29056K, reserved 1075200K
  class space    used 3969K, capacity 4157K, committed 4224K, reserved 1048576K
}
Event: 10.095 GC heap before
{Heap before GC invocations=6 (full 1):
 PSYoungGen      total 76288K, used 73241K [0x00000000e0000000, 0x00000000e7200000, 0x0000000100000000)
  eden space 65536K, 100% used [0x00000000e0000000,0x00000000e4000000,0x00000000e4000000)
  from space 10752K, 71% used [0x00000000e4a80000,0x00000000e52065b8,0x00000000e5500000)
  to   space 10752K, 0% used [0x00000000e4000000,0x00000000e4000000,0x00000000e4a80000)
 ParOldGen       total 112640K, used 11640K [0x00000000a0000000, 0x00000000a6e00000, 0x00000000e0000000)
  object space 112640K, 10% used [0x00000000a0000000,0x00000000a0b5e018,0x00000000a6e00000)
 Metaspace       used 31844K, capacity 32378K, committed 32768K, reserved 1077248K
  class space    used 4554K, capacity 4752K, committed 4864K, reserved 1048576K
Event: 10.108 GC heap after
Heap after GC invocations=6 (full 1):
 PSYoungGen      total 76288K, used 9627K [0x00000000e0000000, 0x00000000e7700000, 0x0000000100000000)
  eden space 65536K, 0% used [0x00000000e0000000,0x00000000e0000000,0x00000000e4000000)
  from space 10752K, 89% used [0x00000000e4000000,0x00000000e4966f00,0x00000000e4a80000)
  to   space 12800K, 0% used [0x00000000e6a80000,0x00000000e6a80000,0x00000000e7700000)
 ParOldGen       total 112640K, used 11648K [0x00000000a0000000, 0x00000000a6e00000, 0x00000000e0000000)
  object space 112640K, 10% used [0x00000000a0000000,0x00000000a0b60018,0x00000000a6e00000)
 Metaspace       used 31844K, capacity 32378K, committed 32768K, reserved 1077248K
  class space    used 4554K, capacity 4752K, committed 4864K, reserved 1048576K
}
Event: 10.849 GC heap before
{Heap before GC invocations=7 (full 1):
 PSYoungGen      total 76288K, used 55059K [0x00000000e0000000, 0x00000000e7700000, 0x0000000100000000)
  eden space 65536K, 69% used [0x00000000e0000000,0x00000000e2c5df30,0x00000000e4000000)
  from space 10752K, 89% used [0x00000000e4000000,0x00000000e4966f00,0x00000000e4a80000)
  to   space 12800K, 0% used [0x00000000e6a80000,0x00000000e6a80000,0x00000000e7700000)
 ParOldGen       total 112640K, used 11648K [0x00000000a0000000, 0x00000000a6e00000, 0x00000000e0000000)
  object space 112640K, 10% used [0x00000000a0000000,0x00000000a0b60018,0x00000000a6e00000)
 Metaspace       used 34485K, capacity 35344K, committed 35416K, reserved 1079296K
  class space    used 4866K, capacity 5082K, committed 5120K, reserved 1048576K
Event: 10.869 GC heap after
Heap after GC invocations=7 (full 1):
 PSYoungGen      total 108544K, used 10361K [0x00000000e0000000, 0x00000000e7e80000, 0x0000000100000000)
  eden space 95744K, 0% used [0x00000000e0000000,0x00000000e0000000,0x00000000e5d80000)
  from space 12800K, 80% used [0x00000000e6a80000,0x00000000e749e788,0x00000000e7700000)
  to   space 13312K, 0% used [0x00000000e5d80000,0x00000000e5d80000,0x00000000e6a80000)
 ParOldGen       total 112640K, used 11656K [0x00000000a0000000, 0x00000000a6e00000, 0x00000000e0000000)
  object space 112640K, 10% used [0x00000000a0000000,0x00000000a0b62018,0x00000000a6e00000)
 Metaspace       used 34485K, capacity 35344K, committed 35416K, reserved 1079296K
  class space    used 4866K, capacity 5082K, committed 5120K, reserved 1048576K
}
Event: 10.869 GC heap before
{Heap before GC invocations=8 (full 2):
 PSYoungGen      total 108544K, used 10361K [0x00000000e0000000, 0x00000000e7e80000, 0x0000000100000000)
  eden space 95744K, 0% used [0x00000000e0000000,0x00000000e0000000,0x00000000e5d80000)
  from space 12800K, 80% used [0x00000000e6a80000,0x00000000e749e788,0x00000000e7700000)
  to   space 13312K, 0% used [0x00000000e5d80000,0x00000000e5d80000,0x00000000e6a80000)
 ParOldGen       total 112640K, used 11656K [0x00000000a0000000, 0x00000000a6e00000, 0x00000000e0000000)
  object space 112640K, 10% used [0x00000000a0000000,0x00000000a0b62018,0x00000000a6e00000)
 Metaspace       used 34485K, capacity 35344K, committed 35416K, reserved 1079296K
  class space    used 4866K, capacity 5082K, committed 5120K, reserved 1048576K
Event: 11.010 GC heap after
Heap after GC invocations=8 (full 2):
 PSYoungGen      total 108544K, used 0K [0x00000000e0000000, 0x00000000e7e80000, 0x0000000100000000)
  eden space 95744K, 0% used [0x00000000e0000000,0x00000000e0000000,0x00000000e5d80000)
  from space 12800K, 0% used [0x00000000e6a80000,0x00000000e6a80000,0x00000000e7700000)
  to   space 13312K, 0% used [0x00000000e5d80000,0x00000000e5d80000,0x00000000e6a80000)
 ParOldGen       total 183296K, used 17439K [0x00000000a0000000, 0x00000000ab300000, 0x00000000e0000000)
  object space 183296K, 9% used [0x00000000a0000000,0x00000000a1107c18,0x00000000ab300000)
 Metaspace       used 34485K, capacity 35344K, committed 35416K, reserved 1079296K
  class space    used 4866K, capacity 5082K, committed 5120K, reserved 1048576K
}

