# JRE version: Java(TM) SE Runtime Environment (8.0_101-b13) (build 1.8.0_101-b13)
# Java VM: Java HotSpot(TM) 64-Bit Server VM (25.101-b13 mixed mode windows-amd64 compressed oops)
Heap:
 PSYoungGen      total 102400K, used 52051K [0x00000000e0000000, 0x00000000e9a00000, 0x0000000100000000)
  eden space 96256K, 47% used [0x00000000e0000000,0x00000000e2cf1200,0x00000000e5e00000)
  from space 6144K, 98% used [0x00000000e9400000,0x00000000e99e3b48,0x00000000e9a00000)
  to   space 29184K, 0% used [0x00000000e6100000,0x00000000e6100000,0x00000000e7d80000)
 ParOldGen       total 152064K, used 82213K [0x00000000a0000000, 0x00000000a9480000, 0x00000000e0000000)
  object space 152064K, 54% used [0x00000000a0000000,0x00000000a50496e8,0x00000000a9480000)
 Metaspace       used 83629K, capacity 87409K, committed 87552K, reserved 1124352K
  class space    used 10921K, capacity 11772K, committed 11776K, reserved 1048576K
GC Heap History (10 events):
Event: 394.129 GC heap before
{Heap before GC invocations=26 (full 4):
 PSYoungGen      total 85504K, used 55292K [0x00000000e0000000, 0x00000000e8500000, 0x0000000100000000)
  eden space 55296K, 99% used [0x00000000e0000000,0x00000000e35ff278,0x00000000e3600000)
  from space 30208K, 0% used [0x00000000e3600000,0x00000000e3600000,0x00000000e5380000)
  to   space 30208K, 0% used [0x00000000e6780000,0x00000000e6780000,0x00000000e8500000)
 ParOldGen       total 152064K, used 71540K [0x00000000a0000000, 0x00000000a9480000, 0x00000000e0000000)
  object space 152064K, 47% used [0x00000000a0000000,0x00000000a45dd060,0x00000000a9480000)
 Metaspace       used 73223K, capacity 75227K, committed 75520K, reserved 1114112K
  class space    used 9640K, capacity 10148K, committed 10240K, reserved 1048576K
Event: 394.133 GC heap after
Heap after GC invocations=26 (full 4):
 PSYoungGen      total 104960K, used 1136K [0x00000000e0000000, 0x00000000e8680000, 0x0000000100000000)
  eden space 74752K, 0% used [0x00000000e0000000,0x00000000e0000000,0x00000000e4900000)
  from space 30208K, 3% used [0x00000000e6780000,0x00000000e689c030,0x00000000e8500000)
  to   space 31232K, 0% used [0x00000000e4900000,0x00000000e4900000,0x00000000e6780000)
 ParOldGen       total 152064K, used 71548K [0x00000000a0000000, 0x00000000a9480000, 0x00000000e0000000)
  object space 152064K, 47% used [0x00000000a0000000,0x00000000a45df060,0x00000000a9480000)
 Metaspace       used 73223K, capacity 75227K, committed 75520K, reserved 1114112K
  class space    used 9640K, capacity 10148K, committed 10240K, reserved 1048576K
}
Event: 405.806 GC heap before
{Heap before GC invocations=27 (full 4):
 PSYoungGen      total 104960K, used 75888K [0x00000000e0000000, 0x00000000e8680000, 0x0000000100000000)
  eden space 74752K, 100% used [0x00000000e0000000,0x00000000e4900000,0x00000000e4900000)
  from space 30208K, 3% used [0x00000000e6780000,0x00000000e689c030,0x00000000e8500000)
  to   space 31232K, 0% used [0x00000000e4900000,0x00000000e4900000,0x00000000e6780000)
 ParOldGen       total 152064K, used 71548K [0x00000000a0000000, 0x00000000a9480000, 0x00000000e0000000)
  object space 152064K, 47% used [0x00000000a0000000,0x00000000a45df060,0x00000000a9480000)
 Metaspace       used 74476K, capacity 76601K, committed 76672K, reserved 1116160K
  class space    used 9803K, capacity 10319K, committed 10368K, reserved 1048576K
Event: 405.814 GC heap after
Heap after GC invocations=27 (full 4):
 PSYoungGen      total 105984K, used 3046K [0x00000000e0000000, 0x00000000ea000000, 0x0000000100000000)
  eden space 74752K, 0% used [0x00000000e0000000,0x00000000e0000000,0x00000000e4900000)
  from space 31232K, 9% used [0x00000000e4900000,0x00000000e4bf99d0,0x00000000e6780000)
  to   space 31744K, 0% used [0x00000000e8100000,0x00000000e8100000,0x00000000ea000000)
 ParOldGen       total 152064K, used 72136K [0x00000000a0000000, 0x00000000a9480000, 0x00000000e0000000)
  object space 152064K, 47% used [0x00000000a0000000,0x00000000a46720a0,0x00000000a9480000)
 Metaspace       used 74476K, capacity 76601K, committed 76672K, reserved 1116160K
  class space    used 9803K, capacity 10319K, committed 10368K, reserved 1048576K
}
Event: 946.738 GC heap before
{Heap before GC invocations=28 (full 4):
 PSYoungGen      total 105984K, used 77798K [0x00000000e0000000, 0x00000000ea000000, 0x0000000100000000)
  eden space 74752K, 100% used [0x00000000e0000000,0x00000000e4900000,0x00000000e4900000)
  from space 31232K, 9% used [0x00000000e4900000,0x00000000e4bf99d0,0x00000000e6780000)
  to   space 31744K, 0% used [0x00000000e8100000,0x00000000e8100000,0x00000000ea000000)
 ParOldGen       total 152064K, used 72136K [0x00000000a0000000, 0x00000000a9480000, 0x00000000e0000000)
  object space 152064K, 47% used [0x00000000a0000000,0x00000000a46720a0,0x00000000a9480000)
 Metaspace       used 77175K, capacity 79933K, committed 80128K, reserved 1118208K
  class space    used 10071K, capacity 10655K, committed 10752K, reserved 1048576K
Event: 946.772 GC heap after
Heap after GC invocations=28 (full 4):
 PSYoungGen      total 128000K, used 5227K [0x00000000e0000000, 0x00000000e9d80000, 0x0000000100000000)
  eden space 98816K, 0% used [0x00000000e0000000,0x00000000e0000000,0x00000000e6080000)
  from space 29184K, 17% used [0x00000000e8100000,0x00000000e861af80,0x00000000e9d80000)
  to   space 31232K, 0% used [0x00000000e6080000,0x00000000e6080000,0x00000000e7f00000)
 ParOldGen       total 152064K, used 74071K [0x00000000a0000000, 0x00000000a9480000, 0x00000000e0000000)
  object space 152064K, 48% used [0x00000000a0000000,0x00000000a4855e98,0x00000000a9480000)
 Metaspace       used 77175K, capacity 79933K, committed 80128K, reserved 1118208K
  class space    used 10071K, capacity 10655K, committed 10752K, reserved 1048576K
}
Event: 1796.790 GC heap before
{Heap before GC invocations=29 (full 4):
 PSYoungGen      total 128000K, used 104043K [0x00000000e0000000, 0x00000000e9d80000, 0x0000000100000000)
  eden space 98816K, 100% used [0x00000000e0000000,0x00000000e6080000,0x00000000e6080000)
  from space 29184K, 17% used [0x00000000e8100000,0x00000000e861af80,0x00000000e9d80000)
  to   space 31232K, 0% used [0x00000000e6080000,0x00000000e6080000,0x00000000e7f00000)
 ParOldGen       total 152064K, used 74071K [0x00000000a0000000, 0x00000000a9480000, 0x00000000e0000000)
  object space 152064K, 48% used [0x00000000a0000000,0x00000000a4855e98,0x00000000a9480000)
 Metaspace       used 80314K, capacity 83655K, committed 83968K, reserved 1122304K
  class space    used 10456K, capacity 11168K, committed 11264K, reserved 1048576K
Event: 1796.830 GC heap after
Heap after GC invocations=29 (full 4):
 PSYoungGen      total 130048K, used 7339K [0x00000000e0000000, 0x00000000eb180000, 0x0000000100000000)
  eden space 98816K, 0% used [0x00000000e0000000,0x00000000e0000000,0x00000000e6080000)
  from space 31232K, 23% used [0x00000000e6080000,0x00000000e67aaca8,0x00000000e7f00000)
  to   space 30208K, 0% used [0x00000000e9400000,0x00000000e9400000,0x00000000eb180000)
 ParOldGen       total 152064K, used 76923K [0x00000000a0000000, 0x00000000a9480000, 0x00000000e0000000)
  object space 152064K, 50% used [0x00000000a0000000,0x00000000a4b1ee70,0x00000000a9480000)
 Metaspace       used 80314K, capacity 83655K, committed 83968K, reserved 1122304K
  class space    used 10456K, capacity 11168K, committed 11264K, reserved 1048576K
}
Event: 1815.010 GC heap before
{Heap before GC invocations=30 (full 4):
 PSYoungGen      total 130048K, used 106155K [0x00000000e0000000, 0x00000000eb180000, 0x0000000100000000)
  eden space 98816K, 100% used [0x00000000e0000000,0x00000000e6080000,0x00000000e6080000)
  from space 31232K, 23% used [0x00000000e6080000,0x00000000e67aaca8,0x00000000e7f00000)
  to   space 30208K, 0% used [0x00000000e9400000,0x00000000e9400000,0x00000000eb180000)
 ParOldGen       total 152064K, used 76923K [0x00000000a0000000, 0x00000000a9480000, 0x00000000e0000000)
  object space 152064K, 50% used [0x00000000a0000000,0x00000000a4b1ee70,0x00000000a9480000)
 Metaspace       used 82686K, capacity 86125K, committed 86400K, reserved 1124352K
  class space    used 10798K, capacity 11568K, committed 11648K, reserved 1048576K
Event: 1815.027 GC heap after
Heap after GC invocations=30 (full 4):
 PSYoungGen      total 102400K, used 6030K [0x00000000e0000000, 0x00000000e9a00000, 0x0000000100000000)
  eden space 96256K, 0% used [0x00000000e0000000,0x00000000e0000000,0x00000000e5e00000)
  from space 6144K, 98% used [0x00000000e9400000,0x00000000e99e3b48,0x00000000e9a00000)
  to   space 29184K, 0% used [0x00000000e6100000,0x00000000e6100000,0x00000000e7d80000)
 ParOldGen       total 152064K, used 82213K [0x00000000a0000000, 0x00000000a9480000, 0x00000000e0000000)
  object space 152064K, 54% used [0x00000000a0000000,0x00000000a50496e8,0x00000000a9480000)
 Metaspace       used 82686K, capacity 86125K, committed 86400K, reserved 1124352K
  class space    used 10798K, capacity 11568K, committed 11648K, reserved 1048576K
}

